<?xml version="1.0" encoding="UTF-8"?>
<testng-results skipped="0" failed="0" total="1" passed="1">
  <reporter-output>
  </reporter-output>
  <suite name="Surefire suite" duration-ms="9099" started-at="2015-09-11T06:59:19Z" finished-at="2015-09-11T06:59:28Z">
    <groups>
    </groups>
    <test name="Surefire test" duration-ms="9099" started-at="2015-09-11T06:59:19Z" finished-at="2015-09-11T06:59:28Z">
      <class name="com.rozetka.tests.FirstTest">
        <test-method status="PASS" signature="setUp(java.lang.String)[pri:0, instance:com.rozetka.tests.FirstTest@4c203ea1]" name="setUp" is-config="true" duration-ms="2696" started-at="2015-09-11T09:59:16Z" finished-at="2015-09-11T09:59:19Z">
          <params>
            <param index="0">
              <value>
                <![CDATA[firefox]]>
              </value>
            </param>
          </params>
          <reporter-output>
          </reporter-output>
        </test-method> <!-- setUp -->
        <test-method status="PASS" signature="startURL()[pri:0, instance:com.rozetka.tests.FirstTest@4c203ea1]" name="startURL" duration-ms="9092" started-at="2015-09-11T09:59:19Z" finished-at="2015-09-11T09:59:28Z">
          <reporter-output>
          </reporter-output>
        </test-method> <!-- startURL -->
        <test-method status="PASS" signature="tearDown()[pri:0, instance:com.rozetka.tests.FirstTest@4c203ea1]" name="tearDown" is-config="true" duration-ms="707" started-at="2015-09-11T09:59:28Z" finished-at="2015-09-11T09:59:29Z">
          <reporter-output>
          </reporter-output>
        </test-method> <!-- tearDown -->
      </class> <!-- com.rozetka.tests.FirstTest -->
    </test> <!-- Surefire test -->
  </suite> <!-- Surefire suite -->
</testng-results>
